<?xml version="1.0" encoding="UTF-8"?>
<!-- Generated by org.testng.reporters.JUnitXMLReporter -->
<testsuite hostname="DESKTOP-PE43DAM" ignored="0" name="Test" tests="1" failures="1" timestamp="01 六月 2018 03:16:55 GMT" time="0.401" errors="0">
  <testcase name="test" time="0.099" classname="com.lottery.apitest.APITest">
    <failure type="java.lang.NoClassDefFoundError" message="com/alibaba/fastjson/JSONObject">
      <![CDATA[java.lang.NoClassDefFoundError: com/alibaba/fastjson/JSONObject
at com.lottery.apitest.APITest.test(APITest.java:26)
Caused by: java.lang.ClassNotFoundException: com.alibaba.fastjson.JSONObject
at java.net.URLClassLoader.findClass(URLClassLoader.java:381)
at java.lang.ClassLoader.loadClass(ClassLoader.java:424)
at sun.misc.Launcher$AppClassLoader.loadClass(Launcher.java:349)
at java.lang.ClassLoader.loadClass(ClassLoader.java:357)
... 26 more
... Removed 25 stack frames]]>
    </failure>
  </testcase> <!-- test -->
</testsuite> <!-- Test -->
